2022-10-05 11:53:49,943 [Worker-5: Loading available Gradle versions] INFO  o.e.b.c.i.u.g.PublishedGradleVersions - Gradle version information cache is up-to-date. Trying to read.
2022-10-05 14:29:48,055 [Worker-4: Loading available Gradle versions] INFO  o.e.b.c.i.u.g.PublishedGradleVersions - Gradle version information cache is up-to-date. Trying to read.
2022-10-06 09:24:08,394 [Worker-4: Loading available Gradle versions] INFO  o.e.b.c.i.u.g.PublishedGradleVersions - Gradle version information cache is up-to-date. Trying to read.
2022-10-06 16:33:22,776 [Worker-2: Loading available Gradle versions] INFO  o.e.b.c.i.u.g.PublishedGradleVersions - Gradle version information cache is out-of-date. Trying to update.
2022-10-07 09:13:11,616 [Worker-1: Loading available Gradle versions] INFO  o.e.b.c.i.u.g.PublishedGradleVersions - Gradle version information cache is up-to-date. Trying to read.
2022-10-07 15:15:13,379 [Worker-1: Loading available Gradle versions] INFO  o.e.b.c.i.u.g.PublishedGradleVersions - Gradle version information cache is up-to-date. Trying to read.
2022-10-11 09:30:22,012 [Worker-1: Loading available Gradle versions] INFO  o.e.b.c.i.u.g.PublishedGradleVersions - Gradle version information cache is out-of-date. Trying to update.
2022-10-11 14:14:10,592 [Worker-3: Loading available Gradle versions] INFO  o.e.b.c.i.u.g.PublishedGradleVersions - Gradle version information cache is up-to-date. Trying to read.
2022-10-12 09:33:44,481 [Worker-3: Loading available Gradle versions] INFO  o.e.b.c.i.u.g.PublishedGradleVersions - Gradle version information cache is out-of-date. Trying to update.
2022-10-12 10:29:28,840 [Worker-0: Loading available Gradle versions] INFO  o.e.b.c.i.u.g.PublishedGradleVersions - Gradle version information cache is up-to-date. Trying to read.
2022-10-12 14:24:34,639 [Worker-0: Loading available Gradle versions] INFO  o.e.b.c.i.u.g.PublishedGradleVersions - Gradle version information cache is up-to-date. Trying to read.
2022-10-12 16:07:55,835 [Worker-0: Loading available Gradle versions] INFO  o.e.b.c.i.u.g.PublishedGradleVersions - Gradle version information cache is up-to-date. Trying to read.
2022-10-12 18:29:35,994 [Worker-1: Loading available Gradle versions] INFO  o.e.b.c.i.u.g.PublishedGradleVersions - Gradle version information cache is up-to-date. Trying to read.
2022-10-13 09:32:51,673 [Worker-3: Loading available Gradle versions] INFO  o.e.b.c.i.u.g.PublishedGradleVersions - Gradle version information cache is up-to-date. Trying to read.
2022-10-21 14:40:25,590 [Worker-2: Loading available Gradle versions] INFO  o.e.b.c.i.u.g.PublishedGradleVersions - Gradle version information cache is out-of-date. Trying to update.
2022-10-21 15:52:11,399 [main] ERROR o.e.m.j.i.l.MavenLaunchConfigurationListener - Launch configuration connectionMain references non-existing project chaptor25_connect_db.
org.eclipse.core.runtime.CoreException: Launch configuration connectionMain references non-existing project chaptor25_connect_db.
	at org.eclipse.jdt.launching.JavaRuntime.abort(JavaRuntime.java:1843)
	at org.eclipse.jdt.launching.JavaRuntime.getJavaProject(JavaRuntime.java:1718)
	at org.eclipse.m2e.jdt.internal.launch.MavenLaunchConfigurationListener.updateLaunchConfiguration(MavenLaunchConfigurationListener.java:55)
	at org.eclipse.m2e.jdt.internal.launch.MavenLaunchConfigurationListener.launchConfigurationChanged(MavenLaunchConfigurationListener.java:40)
	at org.eclipse.debug.internal.core.LaunchManager$ConfigurationNotifier.run(LaunchManager.java:224)
	at org.eclipse.core.runtime.SafeRunner.run(SafeRunner.java:45)
	at org.eclipse.debug.internal.core.LaunchManager$ConfigurationNotifier.notify(LaunchManager.java:208)
	at org.eclipse.debug.internal.core.LaunchConfigurationWorkingCopy.setDirty(LaunchConfigurationWorkingCopy.java:521)
	at org.eclipse.debug.internal.core.LaunchConfigurationWorkingCopy.setAttribute(LaunchConfigurationWorkingCopy.java:409)
	at org.eclipse.jdt.internal.debug.core.refactoring.LaunchConfigurationProjectMainTypeChange.perform(LaunchConfigurationProjectMainTypeChange.java:153)
	at org.eclipse.ltk.core.refactoring.CompositeChange.perform(CompositeChange.java:281)
	at org.eclipse.ltk.core.refactoring.CompositeChange.perform(CompositeChange.java:281)
	at org.eclipse.ltk.internal.core.refactoring.UndoableOperation2ChangeAdapter.lambda$0(UndoableOperation2ChangeAdapter.java:329)
	at org.eclipse.core.internal.resources.Workspace.run(Workspace.java:2292)
	at org.eclipse.core.internal.resources.Workspace.run(Workspace.java:2312)
	at org.eclipse.ltk.internal.core.refactoring.UndoableOperation2ChangeAdapter.executeChange(UndoableOperation2ChangeAdapter.java:351)
	at org.eclipse.ltk.internal.core.refactoring.UndoableOperation2ChangeAdapter.undo(UndoableOperation2ChangeAdapter.java:196)
	at org.eclipse.core.commands.operations.TriggeredOperations.undo(TriggeredOperations.java:214)
	at org.eclipse.core.commands.operations.DefaultOperationHistory.doUndo(DefaultOperationHistory.java:407)
	at org.eclipse.core.commands.operations.DefaultOperationHistory.undo(DefaultOperationHistory.java:1149)
	at org.eclipse.ui.operations.UndoActionHandler.runCommand(UndoActionHandler.java:86)
	at org.eclipse.ui.operations.OperationHistoryActionHandler.lambda$0(OperationHistoryActionHandler.java:288)
	at org.eclipse.jface.operation.ModalContext.runInCurrentThread(ModalContext.java:436)
	at org.eclipse.jface.operation.ModalContext.run(ModalContext.java:352)
	at org.eclipse.jface.dialogs.ProgressMonitorDialog.run(ProgressMonitorDialog.java:468)
	at org.eclipse.ui.internal.operations.TimeTriggeredProgressMonitorDialog.access$6(TimeTriggeredProgressMonitorDialog.java:1)
	at org.eclipse.ui.internal.operations.TimeTriggeredProgressMonitorDialog.lambda$0(TimeTriggeredProgressMonitorDialog.java:155)
	at org.eclipse.swt.custom.BusyIndicator.showWhile(BusyIndicator.java:74)
	at org.eclipse.ui.internal.operations.TimeTriggeredProgressMonitorDialog.run(TimeTriggeredProgressMonitorDialog.java:167)
	at org.eclipse.ui.operations.OperationHistoryActionHandler.run(OperationHistoryActionHandler.java:301)
	at org.eclipse.jface.action.Action.runWithEvent(Action.java:474)
	at org.eclipse.jface.commands.ActionHandler.execute(ActionHandler.java:121)
	at org.eclipse.ui.internal.handlers.E4HandlerProxy.execute(E4HandlerProxy.java:97)
	at jdk.internal.reflect.GeneratedMethodAccessor47.invoke(Unknown Source)
	at java.base/jdk.internal.reflect.DelegatingMethodAccessorImpl.invoke(DelegatingMethodAccessorImpl.java:43)
	at java.base/java.lang.reflect.Method.invoke(Method.java:566)
	at org.eclipse.e4.core.internal.di.MethodRequestor.execute(MethodRequestor.java:58)
	at org.eclipse.e4.core.internal.di.InjectorImpl.invokeUsingClass(InjectorImpl.java:319)
	at org.eclipse.e4.core.internal.di.InjectorImpl.invoke(InjectorImpl.java:253)
	at org.eclipse.e4.core.contexts.ContextInjectionFactory.invoke(ContextInjectionFactory.java:173)
	at org.eclipse.e4.core.commands.internal.HandlerServiceHandler.execute(HandlerServiceHandler.java:156)
	at org.eclipse.core.commands.Command.executeWithChecks(Command.java:488)
	at org.eclipse.core.commands.ParameterizedCommand.executeWithChecks(ParameterizedCommand.java:487)
	at org.eclipse.e4.core.commands.internal.HandlerServiceImpl.executeHandler(HandlerServiceImpl.java:213)
	at org.eclipse.e4.ui.bindings.keys.KeyBindingDispatcher.executeCommand(KeyBindingDispatcher.java:308)
	at org.eclipse.e4.ui.bindings.keys.KeyBindingDispatcher.press(KeyBindingDispatcher.java:584)
	at org.eclipse.e4.ui.bindings.keys.KeyBindingDispatcher.processKeyEvent(KeyBindingDispatcher.java:653)
	at org.eclipse.e4.ui.bindings.keys.KeyBindingDispatcher.filterKeySequenceBindings(KeyBindingDispatcher.java:443)
	at org.eclipse.e4.ui.bindings.keys.KeyBindingDispatcher.access$2(KeyBindingDispatcher.java:386)
	at org.eclipse.e4.ui.bindings.keys.KeyBindingDispatcher$KeyDownFilter.handleEvent(KeyBindingDispatcher.java:96)
	at org.eclipse.swt.widgets.EventTable.sendEvent(EventTable.java:89)
	at org.eclipse.swt.widgets.Display.filterEvent(Display.java:1254)
	at org.eclipse.swt.widgets.Widget.sendEvent(Widget.java:1036)
	at org.eclipse.swt.widgets.Widget.sendEvent(Widget.java:1061)
	at org.eclipse.swt.widgets.Widget.sendEvent(Widget.java:1046)
	at org.eclipse.swt.widgets.Widget.sendKeyEvent(Widget.java:1088)
	at org.eclipse.swt.widgets.Widget.sendKeyEvent(Widget.java:1084)
	at org.eclipse.swt.widgets.Widget.wmChar(Widget.java:1513)
	at org.eclipse.swt.widgets.Control.WM_CHAR(Control.java:4881)
	at org.eclipse.swt.widgets.Tree.WM_CHAR(Tree.java:5977)
	at org.eclipse.swt.widgets.Control.windowProc(Control.java:4759)
	at org.eclipse.swt.widgets.Tree.windowProc(Tree.java:5972)
	at org.eclipse.swt.widgets.Display.windowProc(Display.java:4913)
	at org.eclipse.swt.internal.win32.OS.DispatchMessage(Native Method)
	at org.eclipse.swt.widgets.Display.readAndDispatch(Display.java:3610)
	at org.eclipse.e4.ui.internal.workbench.swt.PartRenderingEngine$5.run(PartRenderingEngine.java:1157)
	at org.eclipse.core.databinding.observable.Realm.runWithDefault(Realm.java:338)
	at org.eclipse.e4.ui.internal.workbench.swt.PartRenderingEngine.run(PartRenderingEngine.java:1046)
	at org.eclipse.e4.ui.internal.workbench.E4Workbench.createAndRunUI(E4Workbench.java:155)
	at org.eclipse.ui.internal.Workbench.lambda$3(Workbench.java:644)
	at org.eclipse.core.databinding.observable.Realm.runWithDefault(Realm.java:338)
	at org.eclipse.ui.internal.Workbench.createAndRunWorkbench(Workbench.java:551)
	at org.eclipse.ui.PlatformUI.createAndRunWorkbench(PlatformUI.java:153)
	at org.eclipse.ui.internal.ide.application.IDEApplication.start(IDEApplication.java:150)
	at org.eclipse.equinox.internal.app.EclipseAppHandle.run(EclipseAppHandle.java:203)
	at org.eclipse.core.runtime.internal.adaptor.EclipseAppLauncher.runApplication(EclipseAppLauncher.java:134)
	at org.eclipse.core.runtime.internal.adaptor.EclipseAppLauncher.start(EclipseAppLauncher.java:104)
	at org.eclipse.core.runtime.adaptor.EclipseStarter.run(EclipseStarter.java:401)
	at org.eclipse.core.runtime.adaptor.EclipseStarter.run(EclipseStarter.java:255)
	at java.base/jdk.internal.reflect.NativeMethodAccessorImpl.invoke0(Native Method)
	at java.base/jdk.internal.reflect.NativeMethodAccessorImpl.invoke(NativeMethodAccessorImpl.java:62)
	at java.base/jdk.internal.reflect.DelegatingMethodAccessorImpl.invoke(DelegatingMethodAccessorImpl.java:43)
	at java.base/java.lang.reflect.Method.invoke(Method.java:566)
	at org.eclipse.equinox.launcher.Main.invokeFramework(Main.java:657)
	at org.eclipse.equinox.launcher.Main.basicRun(Main.java:594)
	at org.eclipse.equinox.launcher.Main.run(Main.java:1465)
	at org.eclipse.equinox.launcher.Main.main(Main.java:1438)
2022-10-21 15:52:11,403 [main] ERROR o.e.m.j.i.l.MavenLaunchConfigurationListener - Launch configuration connectionMain references non-existing project chaptor25_connect_db.
org.eclipse.core.runtime.CoreException: Launch configuration connectionMain references non-existing project chaptor25_connect_db.
	at org.eclipse.jdt.launching.JavaRuntime.abort(JavaRuntime.java:1843)
	at org.eclipse.jdt.launching.JavaRuntime.getJavaProject(JavaRuntime.java:1718)
	at org.eclipse.m2e.jdt.internal.launch.MavenLaunchConfigurationListener.updateLaunchConfiguration(MavenLaunchConfigurationListener.java:55)
	at org.eclipse.m2e.jdt.internal.launch.MavenLaunchConfigurationListener.launchConfigurationChanged(MavenLaunchConfigurationListener.java:40)
	at org.eclipse.debug.internal.core.LaunchManager$ConfigurationNotifier.run(LaunchManager.java:224)
	at org.eclipse.core.runtime.SafeRunner.run(SafeRunner.java:45)
	at org.eclipse.debug.internal.core.LaunchManager$ConfigurationNotifier.notify(LaunchManager.java:208)
	at org.eclipse.debug.internal.core.LaunchConfigurationWorkingCopy.setDirty(LaunchConfigurationWorkingCopy.java:521)
	at org.eclipse.debug.internal.core.LaunchConfigurationWorkingCopy.setAttribute(LaunchConfigurationWorkingCopy.java:421)
	at org.eclipse.debug.internal.core.LaunchConfigurationWorkingCopy.setMappedResources(LaunchConfigurationWorkingCopy.java:668)
	at org.eclipse.jdt.internal.launching.JavaMigrationDelegate.updateResourceMapping(JavaMigrationDelegate.java:155)
	at org.eclipse.jdt.internal.debug.core.refactoring.LaunchConfigurationProjectMainTypeChange.perform(LaunchConfigurationProjectMainTypeChange.java:162)
	at org.eclipse.ltk.core.refactoring.CompositeChange.perform(CompositeChange.java:281)
	at org.eclipse.ltk.core.refactoring.CompositeChange.perform(CompositeChange.java:281)
	at org.eclipse.ltk.internal.core.refactoring.UndoableOperation2ChangeAdapter.lambda$0(UndoableOperation2ChangeAdapter.java:329)
	at org.eclipse.core.internal.resources.Workspace.run(Workspace.java:2292)
	at org.eclipse.core.internal.resources.Workspace.run(Workspace.java:2312)
	at org.eclipse.ltk.internal.core.refactoring.UndoableOperation2ChangeAdapter.executeChange(UndoableOperation2ChangeAdapter.java:351)
	at org.eclipse.ltk.internal.core.refactoring.UndoableOperation2ChangeAdapter.undo(UndoableOperation2ChangeAdapter.java:196)
	at org.eclipse.core.commands.operations.TriggeredOperations.undo(TriggeredOperations.java:214)
	at org.eclipse.core.commands.operations.DefaultOperationHistory.doUndo(DefaultOperationHistory.java:407)
	at org.eclipse.core.commands.operations.DefaultOperationHistory.undo(DefaultOperationHistory.java:1149)
	at org.eclipse.ui.operations.UndoActionHandler.runCommand(UndoActionHandler.java:86)
	at org.eclipse.ui.operations.OperationHistoryActionHandler.lambda$0(OperationHistoryActionHandler.java:288)
	at org.eclipse.jface.operation.ModalContext.runInCurrentThread(ModalContext.java:436)
	at org.eclipse.jface.operation.ModalContext.run(ModalContext.java:352)
	at org.eclipse.jface.dialogs.ProgressMonitorDialog.run(ProgressMonitorDialog.java:468)
	at org.eclipse.ui.internal.operations.TimeTriggeredProgressMonitorDialog.access$6(TimeTriggeredProgressMonitorDialog.java:1)
	at org.eclipse.ui.internal.operations.TimeTriggeredProgressMonitorDialog.lambda$0(TimeTriggeredProgressMonitorDialog.java:155)
	at org.eclipse.swt.custom.BusyIndicator.showWhile(BusyIndicator.java:74)
	at org.eclipse.ui.internal.operations.TimeTriggeredProgressMonitorDialog.run(TimeTriggeredProgressMonitorDialog.java:167)
	at org.eclipse.ui.operations.OperationHistoryActionHandler.run(OperationHistoryActionHandler.java:301)
	at org.eclipse.jface.action.Action.runWithEvent(Action.java:474)
	at org.eclipse.jface.commands.ActionHandler.execute(ActionHandler.java:121)
	at org.eclipse.ui.internal.handlers.E4HandlerProxy.execute(E4HandlerProxy.java:97)
	at jdk.internal.reflect.GeneratedMethodAccessor47.invoke(Unknown Source)
	at java.base/jdk.internal.reflect.DelegatingMethodAccessorImpl.invoke(DelegatingMethodAccessorImpl.java:43)
	at java.base/java.lang.reflect.Method.invoke(Method.java:566)
	at org.eclipse.e4.core.internal.di.MethodRequestor.execute(MethodRequestor.java:58)
	at org.eclipse.e4.core.internal.di.InjectorImpl.invokeUsingClass(InjectorImpl.java:319)
	at org.eclipse.e4.core.internal.di.InjectorImpl.invoke(InjectorImpl.java:253)
	at org.eclipse.e4.core.contexts.ContextInjectionFactory.invoke(ContextInjectionFactory.java:173)
	at org.eclipse.e4.core.commands.internal.HandlerServiceHandler.execute(HandlerServiceHandler.java:156)
	at org.eclipse.core.commands.Command.executeWithChecks(Command.java:488)
	at org.eclipse.core.commands.ParameterizedCommand.executeWithChecks(ParameterizedCommand.java:487)
	at org.eclipse.e4.core.commands.internal.HandlerServiceImpl.executeHandler(HandlerServiceImpl.java:213)
	at org.eclipse.e4.ui.bindings.keys.KeyBindingDispatcher.executeCommand(KeyBindingDispatcher.java:308)
	at org.eclipse.e4.ui.bindings.keys.KeyBindingDispatcher.press(KeyBindingDispatcher.java:584)
	at org.eclipse.e4.ui.bindings.keys.KeyBindingDispatcher.processKeyEvent(KeyBindingDispatcher.java:653)
	at org.eclipse.e4.ui.bindings.keys.KeyBindingDispatcher.filterKeySequenceBindings(KeyBindingDispatcher.java:443)
	at org.eclipse.e4.ui.bindings.keys.KeyBindingDispatcher.access$2(KeyBindingDispatcher.java:386)
	at org.eclipse.e4.ui.bindings.keys.KeyBindingDispatcher$KeyDownFilter.handleEvent(KeyBindingDispatcher.java:96)
	at org.eclipse.swt.widgets.EventTable.sendEvent(EventTable.java:89)
	at org.eclipse.swt.widgets.Display.filterEvent(Display.java:1254)
	at org.eclipse.swt.widgets.Widget.sendEvent(Widget.java:1036)
	at org.eclipse.swt.widgets.Widget.sendEvent(Widget.java:1061)
	at org.eclipse.swt.widgets.Widget.sendEvent(Widget.java:1046)
	at org.eclipse.swt.widgets.Widget.sendKeyEvent(Widget.java:1088)
	at org.eclipse.swt.widgets.Widget.sendKeyEvent(Widget.java:1084)
	at org.eclipse.swt.widgets.Widget.wmChar(Widget.java:1513)
	at org.eclipse.swt.widgets.Control.WM_CHAR(Control.java:4881)
	at org.eclipse.swt.widgets.Tree.WM_CHAR(Tree.java:5977)
	at org.eclipse.swt.widgets.Control.windowProc(Control.java:4759)
	at org.eclipse.swt.widgets.Tree.windowProc(Tree.java:5972)
	at org.eclipse.swt.widgets.Display.windowProc(Display.java:4913)
	at org.eclipse.swt.internal.win32.OS.DispatchMessage(Native Method)
	at org.eclipse.swt.widgets.Display.readAndDispatch(Display.java:3610)
	at org.eclipse.e4.ui.internal.workbench.swt.PartRenderingEngine$5.run(PartRenderingEngine.java:1157)
	at org.eclipse.core.databinding.observable.Realm.runWithDefault(Realm.java:338)
	at org.eclipse.e4.ui.internal.workbench.swt.PartRenderingEngine.run(PartRenderingEngine.java:1046)
	at org.eclipse.e4.ui.internal.workbench.E4Workbench.createAndRunUI(E4Workbench.java:155)
	at org.eclipse.ui.internal.Workbench.lambda$3(Workbench.java:644)
	at org.eclipse.core.databinding.observable.Realm.runWithDefault(Realm.java:338)
	at org.eclipse.ui.internal.Workbench.createAndRunWorkbench(Workbench.java:551)
	at org.eclipse.ui.PlatformUI.createAndRunWorkbench(PlatformUI.java:153)
	at org.eclipse.ui.internal.ide.application.IDEApplication.start(IDEApplication.java:150)
	at org.eclipse.equinox.internal.app.EclipseAppHandle.run(EclipseAppHandle.java:203)
	at org.eclipse.core.runtime.internal.adaptor.EclipseAppLauncher.runApplication(EclipseAppLauncher.java:134)
	at org.eclipse.core.runtime.internal.adaptor.EclipseAppLauncher.start(EclipseAppLauncher.java:104)
	at org.eclipse.core.runtime.adaptor.EclipseStarter.run(EclipseStarter.java:401)
	at org.eclipse.core.runtime.adaptor.EclipseStarter.run(EclipseStarter.java:255)
	at java.base/jdk.internal.reflect.NativeMethodAccessorImpl.invoke0(Native Method)
	at java.base/jdk.internal.reflect.NativeMethodAccessorImpl.invoke(NativeMethodAccessorImpl.java:62)
	at java.base/jdk.internal.reflect.DelegatingMethodAccessorImpl.invoke(DelegatingMethodAccessorImpl.java:43)
	at java.base/java.lang.reflect.Method.invoke(Method.java:566)
	at org.eclipse.equinox.launcher.Main.invokeFramework(Main.java:657)
	at org.eclipse.equinox.launcher.Main.basicRun(Main.java:594)
	at org.eclipse.equinox.launcher.Main.run(Main.java:1465)
	at org.eclipse.equinox.launcher.Main.main(Main.java:1438)
2022-10-21 15:52:11,405 [main] ERROR o.e.m.j.i.l.MavenLaunchConfigurationListener - Launch configuration connectionMain references non-existing project chaptor25_connect_db.
org.eclipse.core.runtime.CoreException: Launch configuration connectionMain references non-existing project chaptor25_connect_db.
	at org.eclipse.jdt.launching.JavaRuntime.abort(JavaRuntime.java:1843)
	at org.eclipse.jdt.launching.JavaRuntime.getJavaProject(JavaRuntime.java:1718)
	at org.eclipse.m2e.jdt.internal.launch.MavenLaunchConfigurationListener.updateLaunchConfiguration(MavenLaunchConfigurationListener.java:55)
	at org.eclipse.m2e.jdt.internal.launch.MavenLaunchConfigurationListener.launchConfigurationChanged(MavenLaunchConfigurationListener.java:40)
	at org.eclipse.debug.internal.core.LaunchManager$ConfigurationNotifier.run(LaunchManager.java:224)
	at org.eclipse.core.runtime.SafeRunner.run(SafeRunner.java:45)
	at org.eclipse.debug.internal.core.LaunchManager$ConfigurationNotifier.notify(LaunchManager.java:208)
	at org.eclipse.debug.internal.core.LaunchConfigurationWorkingCopy.setDirty(LaunchConfigurationWorkingCopy.java:521)
	at org.eclipse.debug.internal.core.LaunchConfigurationWorkingCopy.setAttribute(LaunchConfigurationWorkingCopy.java:421)
	at org.eclipse.debug.internal.core.LaunchConfigurationWorkingCopy.setMappedResources(LaunchConfigurationWorkingCopy.java:669)
	at org.eclipse.jdt.internal.launching.JavaMigrationDelegate.updateResourceMapping(JavaMigrationDelegate.java:155)
	at org.eclipse.jdt.internal.debug.core.refactoring.LaunchConfigurationProjectMainTypeChange.perform(LaunchConfigurationProjectMainTypeChange.java:162)
	at org.eclipse.ltk.core.refactoring.CompositeChange.perform(CompositeChange.java:281)
	at org.eclipse.ltk.core.refactoring.CompositeChange.perform(CompositeChange.java:281)
	at org.eclipse.ltk.internal.core.refactoring.UndoableOperation2ChangeAdapter.lambda$0(UndoableOperation2ChangeAdapter.java:329)
	at org.eclipse.core.internal.resources.Workspace.run(Workspace.java:2292)
	at org.eclipse.core.internal.resources.Workspace.run(Workspace.java:2312)
	at org.eclipse.ltk.internal.core.refactoring.UndoableOperation2ChangeAdapter.executeChange(UndoableOperation2ChangeAdapter.java:351)
	at org.eclipse.ltk.internal.core.refactoring.UndoableOperation2ChangeAdapter.undo(UndoableOperation2ChangeAdapter.java:196)
	at org.eclipse.core.commands.operations.TriggeredOperations.undo(TriggeredOperations.java:214)
	at org.eclipse.core.commands.operations.DefaultOperationHistory.doUndo(DefaultOperationHistory.java:407)
	at org.eclipse.core.commands.operations.DefaultOperationHistory.undo(DefaultOperationHistory.java:1149)
	at org.eclipse.ui.operations.UndoActionHandler.runCommand(UndoActionHandler.java:86)
	at org.eclipse.ui.operations.OperationHistoryActionHandler.lambda$0(OperationHistoryActionHandler.java:288)
	at org.eclipse.jface.operation.ModalContext.runInCurrentThread(ModalContext.java:436)
	at org.eclipse.jface.operation.ModalContext.run(ModalContext.java:352)
	at org.eclipse.jface.dialogs.ProgressMonitorDialog.run(ProgressMonitorDialog.java:468)
	at org.eclipse.ui.internal.operations.TimeTriggeredProgressMonitorDialog.access$6(TimeTriggeredProgressMonitorDialog.java:1)
	at org.eclipse.ui.internal.operations.TimeTriggeredProgressMonitorDialog.lambda$0(TimeTriggeredProgressMonitorDialog.java:155)
	at org.eclipse.swt.custom.BusyIndicator.showWhile(BusyIndicator.java:74)
	at org.eclipse.ui.internal.operations.TimeTriggeredProgressMonitorDialog.run(TimeTriggeredProgressMonitorDialog.java:167)
	at org.eclipse.ui.operations.OperationHistoryActionHandler.run(OperationHistoryActionHandler.java:301)
	at org.eclipse.jface.action.Action.runWithEvent(Action.java:474)
	at org.eclipse.jface.commands.ActionHandler.execute(ActionHandler.java:121)
	at org.eclipse.ui.internal.handlers.E4HandlerProxy.execute(E4HandlerProxy.java:97)
	at jdk.internal.reflect.GeneratedMethodAccessor47.invoke(Unknown Source)
	at java.base/jdk.internal.reflect.DelegatingMethodAccessorImpl.invoke(DelegatingMethodAccessorImpl.java:43)
	at java.base/java.lang.reflect.Method.invoke(Method.java:566)
	at org.eclipse.e4.core.internal.di.MethodRequestor.execute(MethodRequestor.java:58)
	at org.eclipse.e4.core.internal.di.InjectorImpl.invokeUsingClass(InjectorImpl.java:319)
	at org.eclipse.e4.core.internal.di.InjectorImpl.invoke(InjectorImpl.java:253)
	at org.eclipse.e4.core.contexts.ContextInjectionFactory.invoke(ContextInjectionFactory.java:173)
	at org.eclipse.e4.core.commands.internal.HandlerServiceHandler.execute(HandlerServiceHandler.java:156)
	at org.eclipse.core.commands.Command.executeWithChecks(Command.java:488)
	at org.eclipse.core.commands.ParameterizedCommand.executeWithChecks(ParameterizedCommand.java:487)
	at org.eclipse.e4.core.commands.internal.HandlerServiceImpl.executeHandler(HandlerServiceImpl.java:213)
	at org.eclipse.e4.ui.bindings.keys.KeyBindingDispatcher.executeCommand(KeyBindingDispatcher.java:308)
	at org.eclipse.e4.ui.bindings.keys.KeyBindingDispatcher.press(KeyBindingDispatcher.java:584)
	at org.eclipse.e4.ui.bindings.keys.KeyBindingDispatcher.processKeyEvent(KeyBindingDispatcher.java:653)
	at org.eclipse.e4.ui.bindings.keys.KeyBindingDispatcher.filterKeySequenceBindings(KeyBindingDispatcher.java:443)
	at org.eclipse.e4.ui.bindings.keys.KeyBindingDispatcher.access$2(KeyBindingDispatcher.java:386)
	at org.eclipse.e4.ui.bindings.keys.KeyBindingDispatcher$KeyDownFilter.handleEvent(KeyBindingDispatcher.java:96)
	at org.eclipse.swt.widgets.EventTable.sendEvent(EventTable.java:89)
	at org.eclipse.swt.widgets.Display.filterEvent(Display.java:1254)
	at org.eclipse.swt.widgets.Widget.sendEvent(Widget.java:1036)
	at org.eclipse.swt.widgets.Widget.sendEvent(Widget.java:1061)
	at org.eclipse.swt.widgets.Widget.sendEvent(Widget.java:1046)
	at org.eclipse.swt.widgets.Widget.sendKeyEvent(Widget.java:1088)
	at org.eclipse.swt.widgets.Widget.sendKeyEvent(Widget.java:1084)
	at org.eclipse.swt.widgets.Widget.wmChar(Widget.java:1513)
	at org.eclipse.swt.widgets.Control.WM_CHAR(Control.java:4881)
	at org.eclipse.swt.widgets.Tree.WM_CHAR(Tree.java:5977)
	at org.eclipse.swt.widgets.Control.windowProc(Control.java:4759)
	at org.eclipse.swt.widgets.Tree.windowProc(Tree.java:5972)
	at org.eclipse.swt.widgets.Display.windowProc(Display.java:4913)
	at org.eclipse.swt.internal.win32.OS.DispatchMessage(Native Method)
	at org.eclipse.swt.widgets.Display.readAndDispatch(Display.java:3610)
	at org.eclipse.e4.ui.internal.workbench.swt.PartRenderingEngine$5.run(PartRenderingEngine.java:1157)
	at org.eclipse.core.databinding.observable.Realm.runWithDefault(Realm.java:338)
	at org.eclipse.e4.ui.internal.workbench.swt.PartRenderingEngine.run(PartRenderingEngine.java:1046)
	at org.eclipse.e4.ui.internal.workbench.E4Workbench.createAndRunUI(E4Workbench.java:155)
	at org.eclipse.ui.internal.Workbench.lambda$3(Workbench.java:644)
	at org.eclipse.core.databinding.observable.Realm.runWithDefault(Realm.java:338)
	at org.eclipse.ui.internal.Workbench.createAndRunWorkbench(Workbench.java:551)
	at org.eclipse.ui.PlatformUI.createAndRunWorkbench(PlatformUI.java:153)
	at org.eclipse.ui.internal.ide.application.IDEApplication.start(IDEApplication.java:150)
	at org.eclipse.equinox.internal.app.EclipseAppHandle.run(EclipseAppHandle.java:203)
	at org.eclipse.core.runtime.internal.adaptor.EclipseAppLauncher.runApplication(EclipseAppLauncher.java:134)
	at org.eclipse.core.runtime.internal.adaptor.EclipseAppLauncher.start(EclipseAppLauncher.java:104)
	at org.eclipse.core.runtime.adaptor.EclipseStarter.run(EclipseStarter.java:401)
	at org.eclipse.core.runtime.adaptor.EclipseStarter.run(EclipseStarter.java:255)
	at java.base/jdk.internal.reflect.NativeMethodAccessorImpl.invoke0(Native Method)
	at java.base/jdk.internal.reflect.NativeMethodAccessorImpl.invoke(NativeMethodAccessorImpl.java:62)
	at java.base/jdk.internal.reflect.DelegatingMethodAccessorImpl.invoke(DelegatingMethodAccessorImpl.java:43)
	at java.base/java.lang.reflect.Method.invoke(Method.java:566)
	at org.eclipse.equinox.launcher.Main.invokeFramework(Main.java:657)
	at org.eclipse.equinox.launcher.Main.basicRun(Main.java:594)
	at org.eclipse.equinox.launcher.Main.run(Main.java:1465)
	at org.eclipse.equinox.launcher.Main.main(Main.java:1438)
2022-10-21 15:52:11,409 [main] ERROR o.e.m.j.i.l.MavenLaunchConfigurationListener - Launch configuration connectionMain references non-existing project chaptor25_connect_db.
org.eclipse.core.runtime.CoreException: Launch configuration connectionMain references non-existing project chaptor25_connect_db.
	at org.eclipse.jdt.launching.JavaRuntime.abort(JavaRuntime.java:1843)
	at org.eclipse.jdt.launching.JavaRuntime.getJavaProject(JavaRuntime.java:1718)
	at org.eclipse.m2e.jdt.internal.launch.MavenLaunchConfigurationListener.updateLaunchConfiguration(MavenLaunchConfigurationListener.java:55)
	at org.eclipse.m2e.jdt.internal.launch.MavenLaunchConfigurationListener.launchConfigurationChanged(MavenLaunchConfigurationListener.java:40)
	at org.eclipse.debug.internal.core.LaunchManager$ConfigurationNotifier.run(LaunchManager.java:224)
	at org.eclipse.core.runtime.SafeRunner.run(SafeRunner.java:45)
	at org.eclipse.debug.internal.core.LaunchManager$ConfigurationNotifier.notify(LaunchManager.java:208)
	at org.eclipse.debug.internal.core.LaunchManager.launchConfigurationChanged(LaunchManager.java:2130)
	at org.eclipse.debug.internal.core.LaunchConfigurationWorkingCopy.writeNewFile(LaunchConfigurationWorkingCopy.java:374)
	at org.eclipse.debug.internal.core.LaunchConfigurationWorkingCopy.doSave0(LaunchConfigurationWorkingCopy.java:257)
	at org.eclipse.debug.internal.core.LaunchConfigurationWorkingCopy.doSave(LaunchConfigurationWorkingCopy.java:227)
	at org.eclipse.debug.internal.core.LaunchConfigurationWorkingCopy.doSave(LaunchConfigurationWorkingCopy.java:185)
	at org.eclipse.jdt.internal.debug.core.refactoring.LaunchConfigurationProjectMainTypeChange.perform(LaunchConfigurationProjectMainTypeChange.java:164)
	at org.eclipse.ltk.core.refactoring.CompositeChange.perform(CompositeChange.java:281)
	at org.eclipse.ltk.core.refactoring.CompositeChange.perform(CompositeChange.java:281)
	at org.eclipse.ltk.internal.core.refactoring.UndoableOperation2ChangeAdapter.lambda$0(UndoableOperation2ChangeAdapter.java:329)
	at org.eclipse.core.internal.resources.Workspace.run(Workspace.java:2292)
	at org.eclipse.core.internal.resources.Workspace.run(Workspace.java:2312)
	at org.eclipse.ltk.internal.core.refactoring.UndoableOperation2ChangeAdapter.executeChange(UndoableOperation2ChangeAdapter.java:351)
	at org.eclipse.ltk.internal.core.refactoring.UndoableOperation2ChangeAdapter.undo(UndoableOperation2ChangeAdapter.java:196)
	at org.eclipse.core.commands.operations.TriggeredOperations.undo(TriggeredOperations.java:214)
	at org.eclipse.core.commands.operations.DefaultOperationHistory.doUndo(DefaultOperationHistory.java:407)
	at org.eclipse.core.commands.operations.DefaultOperationHistory.undo(DefaultOperationHistory.java:1149)
	at org.eclipse.ui.operations.UndoActionHandler.runCommand(UndoActionHandler.java:86)
	at org.eclipse.ui.operations.OperationHistoryActionHandler.lambda$0(OperationHistoryActionHandler.java:288)
	at org.eclipse.jface.operation.ModalContext.runInCurrentThread(ModalContext.java:436)
	at org.eclipse.jface.operation.ModalContext.run(ModalContext.java:352)
	at org.eclipse.jface.dialogs.ProgressMonitorDialog.run(ProgressMonitorDialog.java:468)
	at org.eclipse.ui.internal.operations.TimeTriggeredProgressMonitorDialog.access$6(TimeTriggeredProgressMonitorDialog.java:1)
	at org.eclipse.ui.internal.operations.TimeTriggeredProgressMonitorDialog.lambda$0(TimeTriggeredProgressMonitorDialog.java:155)
	at org.eclipse.swt.custom.BusyIndicator.showWhile(BusyIndicator.java:74)
	at org.eclipse.ui.internal.operations.TimeTriggeredProgressMonitorDialog.run(TimeTriggeredProgressMonitorDialog.java:167)
	at org.eclipse.ui.operations.OperationHistoryActionHandler.run(OperationHistoryActionHandler.java:301)
	at org.eclipse.jface.action.Action.runWithEvent(Action.java:474)
	at org.eclipse.jface.commands.ActionHandler.execute(ActionHandler.java:121)
	at org.eclipse.ui.internal.handlers.E4HandlerProxy.execute(E4HandlerProxy.java:97)
	at jdk.internal.reflect.GeneratedMethodAccessor47.invoke(Unknown Source)
	at java.base/jdk.internal.reflect.DelegatingMethodAccessorImpl.invoke(DelegatingMethodAccessorImpl.java:43)
	at java.base/java.lang.reflect.Method.invoke(Method.java:566)
	at org.eclipse.e4.core.internal.di.MethodRequestor.execute(MethodRequestor.java:58)
	at org.eclipse.e4.core.internal.di.InjectorImpl.invokeUsingClass(InjectorImpl.java:319)
	at org.eclipse.e4.core.internal.di.InjectorImpl.invoke(InjectorImpl.java:253)
	at org.eclipse.e4.core.contexts.ContextInjectionFactory.invoke(ContextInjectionFactory.java:173)
	at org.eclipse.e4.core.commands.internal.HandlerServiceHandler.execute(HandlerServiceHandler.java:156)
	at org.eclipse.core.commands.Command.executeWithChecks(Command.java:488)
	at org.eclipse.core.commands.ParameterizedCommand.executeWithChecks(ParameterizedCommand.java:487)
	at org.eclipse.e4.core.commands.internal.HandlerServiceImpl.executeHandler(HandlerServiceImpl.java:213)
	at org.eclipse.e4.ui.bindings.keys.KeyBindingDispatcher.executeCommand(KeyBindingDispatcher.java:308)
	at org.eclipse.e4.ui.bindings.keys.KeyBindingDispatcher.press(KeyBindingDispatcher.java:584)
	at org.eclipse.e4.ui.bindings.keys.KeyBindingDispatcher.processKeyEvent(KeyBindingDispatcher.java:653)
	at org.eclipse.e4.ui.bindings.keys.KeyBindingDispatcher.filterKeySequenceBindings(KeyBindingDispatcher.java:443)
	at org.eclipse.e4.ui.bindings.keys.KeyBindingDispatcher.access$2(KeyBindingDispatcher.java:386)
	at org.eclipse.e4.ui.bindings.keys.KeyBindingDispatcher$KeyDownFilter.handleEvent(KeyBindingDispatcher.java:96)
	at org.eclipse.swt.widgets.EventTable.sendEvent(EventTable.java:89)
	at org.eclipse.swt.widgets.Display.filterEvent(Display.java:1254)
	at org.eclipse.swt.widgets.Widget.sendEvent(Widget.java:1036)
	at org.eclipse.swt.widgets.Widget.sendEvent(Widget.java:1061)
	at org.eclipse.swt.widgets.Widget.sendEvent(Widget.java:1046)
	at org.eclipse.swt.widgets.Widget.sendKeyEvent(Widget.java:1088)
	at org.eclipse.swt.widgets.Widget.sendKeyEvent(Widget.java:1084)
	at org.eclipse.swt.widgets.Widget.wmChar(Widget.java:1513)
	at org.eclipse.swt.widgets.Control.WM_CHAR(Control.java:4881)
	at org.eclipse.swt.widgets.Tree.WM_CHAR(Tree.java:5977)
	at org.eclipse.swt.widgets.Control.windowProc(Control.java:4759)
	at org.eclipse.swt.widgets.Tree.windowProc(Tree.java:5972)
	at org.eclipse.swt.widgets.Display.windowProc(Display.java:4913)
	at org.eclipse.swt.internal.win32.OS.DispatchMessage(Native Method)
	at org.eclipse.swt.widgets.Display.readAndDispatch(Display.java:3610)
	at org.eclipse.e4.ui.internal.workbench.swt.PartRenderingEngine$5.run(PartRenderingEngine.java:1157)
	at org.eclipse.core.databinding.observable.Realm.runWithDefault(Realm.java:338)
	at org.eclipse.e4.ui.internal.workbench.swt.PartRenderingEngine.run(PartRenderingEngine.java:1046)
	at org.eclipse.e4.ui.internal.workbench.E4Workbench.createAndRunUI(E4Workbench.java:155)
	at org.eclipse.ui.internal.Workbench.lambda$3(Workbench.java:644)
	at org.eclipse.core.databinding.observable.Realm.runWithDefault(Realm.java:338)
	at org.eclipse.ui.internal.Workbench.createAndRunWorkbench(Workbench.java:551)
	at org.eclipse.ui.PlatformUI.createAndRunWorkbench(PlatformUI.java:153)
	at org.eclipse.ui.internal.ide.application.IDEApplication.start(IDEApplication.java:150)
	at org.eclipse.equinox.internal.app.EclipseAppHandle.run(EclipseAppHandle.java:203)
	at org.eclipse.core.runtime.internal.adaptor.EclipseAppLauncher.runApplication(EclipseAppLauncher.java:134)
	at org.eclipse.core.runtime.internal.adaptor.EclipseAppLauncher.start(EclipseAppLauncher.java:104)
	at org.eclipse.core.runtime.adaptor.EclipseStarter.run(EclipseStarter.java:401)
	at org.eclipse.core.runtime.adaptor.EclipseStarter.run(EclipseStarter.java:255)
	at java.base/jdk.internal.reflect.NativeMethodAccessorImpl.invoke0(Native Method)
	at java.base/jdk.internal.reflect.NativeMethodAccessorImpl.invoke(NativeMethodAccessorImpl.java:62)
	at java.base/jdk.internal.reflect.DelegatingMethodAccessorImpl.invoke(DelegatingMethodAccessorImpl.java:43)
	at java.base/java.lang.reflect.Method.invoke(Method.java:566)
	at org.eclipse.equinox.launcher.Main.invokeFramework(Main.java:657)
	at org.eclipse.equinox.launcher.Main.basicRun(Main.java:594)
	at org.eclipse.equinox.launcher.Main.run(Main.java:1465)
	at org.eclipse.equinox.launcher.Main.main(Main.java:1438)
2022-10-21 15:52:11,412 [main] ERROR o.e.m.j.i.l.MavenLaunchConfigurationListener - Launch configuration ex01_connection references non-existing project chaptor25_connect_db.
org.eclipse.core.runtime.CoreException: Launch configuration ex01_connection references non-existing project chaptor25_connect_db.
	at org.eclipse.jdt.launching.JavaRuntime.abort(JavaRuntime.java:1843)
	at org.eclipse.jdt.launching.JavaRuntime.getJavaProject(JavaRuntime.java:1718)
	at org.eclipse.m2e.jdt.internal.launch.MavenLaunchConfigurationListener.updateLaunchConfiguration(MavenLaunchConfigurationListener.java:55)
	at org.eclipse.m2e.jdt.internal.launch.MavenLaunchConfigurationListener.launchConfigurationChanged(MavenLaunchConfigurationListener.java:40)
	at org.eclipse.debug.internal.core.LaunchManager$ConfigurationNotifier.run(LaunchManager.java:224)
	at org.eclipse.core.runtime.SafeRunner.run(SafeRunner.java:45)
	at org.eclipse.debug.internal.core.LaunchManager$ConfigurationNotifier.notify(LaunchManager.java:208)
	at org.eclipse.debug.internal.core.LaunchConfigurationWorkingCopy.setDirty(LaunchConfigurationWorkingCopy.java:521)
	at org.eclipse.debug.internal.core.LaunchConfigurationWorkingCopy.setAttribute(LaunchConfigurationWorkingCopy.java:409)
	at org.eclipse.jdt.internal.debug.core.refactoring.LaunchConfigurationProjectMainTypeChange.perform(LaunchConfigurationProjectMainTypeChange.java:153)
	at org.eclipse.ltk.core.refactoring.CompositeChange.perform(CompositeChange.java:281)
	at org.eclipse.ltk.core.refactoring.CompositeChange.perform(CompositeChange.java:281)
	at org.eclipse.ltk.internal.core.refactoring.UndoableOperation2ChangeAdapter.lambda$0(UndoableOperation2ChangeAdapter.java:329)
	at org.eclipse.core.internal.resources.Workspace.run(Workspace.java:2292)
	at org.eclipse.core.internal.resources.Workspace.run(Workspace.java:2312)
	at org.eclipse.ltk.internal.core.refactoring.UndoableOperation2ChangeAdapter.executeChange(UndoableOperation2ChangeAdapter.java:351)
	at org.eclipse.ltk.internal.core.refactoring.UndoableOperation2ChangeAdapter.undo(UndoableOperation2ChangeAdapter.java:196)
	at org.eclipse.core.commands.operations.TriggeredOperations.undo(TriggeredOperations.java:214)
	at org.eclipse.core.commands.operations.DefaultOperationHistory.doUndo(DefaultOperationHistory.java:407)
	at org.eclipse.core.commands.operations.DefaultOperationHistory.undo(DefaultOperationHistory.java:1149)
	at org.eclipse.ui.operations.UndoActionHandler.runCommand(UndoActionHandler.java:86)
	at org.eclipse.ui.operations.OperationHistoryActionHandler.lambda$0(OperationHistoryActionHandler.java:288)
	at org.eclipse.jface.operation.ModalContext.runInCurrentThread(ModalContext.java:436)
	at org.eclipse.jface.operation.ModalContext.run(ModalContext.java:352)
	at org.eclipse.jface.dialogs.ProgressMonitorDialog.run(ProgressMonitorDialog.java:468)
	at org.eclipse.ui.internal.operations.TimeTriggeredProgressMonitorDialog.access$6(TimeTriggeredProgressMonitorDialog.java:1)
	at org.eclipse.ui.internal.operations.TimeTriggeredProgressMonitorDialog.lambda$0(TimeTriggeredProgressMonitorDialog.java:155)
	at org.eclipse.swt.custom.BusyIndicator.showWhile(BusyIndicator.java:74)
	at org.eclipse.ui.internal.operations.TimeTriggeredProgressMonitorDialog.run(TimeTriggeredProgressMonitorDialog.java:167)
	at org.eclipse.ui.operations.OperationHistoryActionHandler.run(OperationHistoryActionHandler.java:301)
	at org.eclipse.jface.action.Action.runWithEvent(Action.java:474)
	at org.eclipse.jface.commands.ActionHandler.execute(ActionHandler.java:121)
	at org.eclipse.ui.internal.handlers.E4HandlerProxy.execute(E4HandlerProxy.java:97)
	at jdk.internal.reflect.GeneratedMethodAccessor47.invoke(Unknown Source)
	at java.base/jdk.internal.reflect.DelegatingMethodAccessorImpl.invoke(DelegatingMethodAccessorImpl.java:43)
	at java.base/java.lang.reflect.Method.invoke(Method.java:566)
	at org.eclipse.e4.core.internal.di.MethodRequestor.execute(MethodRequestor.java:58)
	at org.eclipse.e4.core.internal.di.InjectorImpl.invokeUsingClass(InjectorImpl.java:319)
	at org.eclipse.e4.core.internal.di.InjectorImpl.invoke(InjectorImpl.java:253)
	at org.eclipse.e4.core.contexts.ContextInjectionFactory.invoke(ContextInjectionFactory.java:173)
	at org.eclipse.e4.core.commands.internal.HandlerServiceHandler.execute(HandlerServiceHandler.java:156)
	at org.eclipse.core.commands.Command.executeWithChecks(Command.java:488)
	at org.eclipse.core.commands.ParameterizedCommand.executeWithChecks(ParameterizedCommand.java:487)
	at org.eclipse.e4.core.commands.internal.HandlerServiceImpl.executeHandler(HandlerServiceImpl.java:213)
	at org.eclipse.e4.ui.bindings.keys.KeyBindingDispatcher.executeCommand(KeyBindingDispatcher.java:308)
	at org.eclipse.e4.ui.bindings.keys.KeyBindingDispatcher.press(KeyBindingDispatcher.java:584)
	at org.eclipse.e4.ui.bindings.keys.KeyBindingDispatcher.processKeyEvent(KeyBindingDispatcher.java:653)
	at org.eclipse.e4.ui.bindings.keys.KeyBindingDispatcher.filterKeySequenceBindings(KeyBindingDispatcher.java:443)
	at org.eclipse.e4.ui.bindings.keys.KeyBindingDispatcher.access$2(KeyBindingDispatcher.java:386)
	at org.eclipse.e4.ui.bindings.keys.KeyBindingDispatcher$KeyDownFilter.handleEvent(KeyBindingDispatcher.java:96)
	at org.eclipse.swt.widgets.EventTable.sendEvent(EventTable.java:89)
	at org.eclipse.swt.widgets.Display.filterEvent(Display.java:1254)
	at org.eclipse.swt.widgets.Widget.sendEvent(Widget.java:1036)
	at org.eclipse.swt.widgets.Widget.sendEvent(Widget.java:1061)
	at org.eclipse.swt.widgets.Widget.sendEvent(Widget.java:1046)
	at org.eclipse.swt.widgets.Widget.sendKeyEvent(Widget.java:1088)
	at org.eclipse.swt.widgets.Widget.sendKeyEvent(Widget.java:1084)
	at org.eclipse.swt.widgets.Widget.wmChar(Widget.java:1513)
	at org.eclipse.swt.widgets.Control.WM_CHAR(Control.java:4881)
	at org.eclipse.swt.widgets.Tree.WM_CHAR(Tree.java:5977)
	at org.eclipse.swt.widgets.Control.windowProc(Control.java:4759)
	at org.eclipse.swt.widgets.Tree.windowProc(Tree.java:5972)
	at org.eclipse.swt.widgets.Display.windowProc(Display.java:4913)
	at org.eclipse.swt.internal.win32.OS.DispatchMessage(Native Method)
	at org.eclipse.swt.widgets.Display.readAndDispatch(Display.java:3610)
	at org.eclipse.e4.ui.internal.workbench.swt.PartRenderingEngine$5.run(PartRenderingEngine.java:1157)
	at org.eclipse.core.databinding.observable.Realm.runWithDefault(Realm.java:338)
	at org.eclipse.e4.ui.internal.workbench.swt.PartRenderingEngine.run(PartRenderingEngine.java:1046)
	at org.eclipse.e4.ui.internal.workbench.E4Workbench.createAndRunUI(E4Workbench.java:155)
	at org.eclipse.ui.internal.Workbench.lambda$3(Workbench.java:644)
	at org.eclipse.core.databinding.observable.Realm.runWithDefault(Realm.java:338)
	at org.eclipse.ui.internal.Workbench.createAndRunWorkbench(Workbench.java:551)
	at org.eclipse.ui.PlatformUI.createAndRunWorkbench(PlatformUI.java:153)
	at org.eclipse.ui.internal.ide.application.IDEApplication.start(IDEApplication.java:150)
	at org.eclipse.equinox.internal.app.EclipseAppHandle.run(EclipseAppHandle.java:203)
	at org.eclipse.core.runtime.internal.adaptor.EclipseAppLauncher.runApplication(EclipseAppLauncher.java:134)
	at org.eclipse.core.runtime.internal.adaptor.EclipseAppLauncher.start(EclipseAppLauncher.java:104)
	at org.eclipse.core.runtime.adaptor.EclipseStarter.run(EclipseStarter.java:401)
	at org.eclipse.core.runtime.adaptor.EclipseStarter.run(EclipseStarter.java:255)
	at java.base/jdk.internal.reflect.NativeMethodAccessorImpl.invoke0(Native Method)
	at java.base/jdk.internal.reflect.NativeMethodAccessorImpl.invoke(NativeMethodAccessorImpl.java:62)
	at java.base/jdk.internal.reflect.DelegatingMethodAccessorImpl.invoke(DelegatingMethodAccessorImpl.java:43)
	at java.base/java.lang.reflect.Method.invoke(Method.java:566)
	at org.eclipse.equinox.launcher.Main.invokeFramework(Main.java:657)
	at org.eclipse.equinox.launcher.Main.basicRun(Main.java:594)
	at org.eclipse.equinox.launcher.Main.run(Main.java:1465)
	at org.eclipse.equinox.launcher.Main.main(Main.java:1438)
2022-10-21 15:52:11,413 [main] ERROR o.e.m.j.i.l.MavenLaunchConfigurationListener - Launch configuration ex01_connection references non-existing project chaptor25_connect_db.
org.eclipse.core.runtime.CoreException: Launch configuration ex01_connection references non-existing project chaptor25_connect_db.
	at org.eclipse.jdt.launching.JavaRuntime.abort(JavaRuntime.java:1843)
	at org.eclipse.jdt.launching.JavaRuntime.getJavaProject(JavaRuntime.java:1718)
	at org.eclipse.m2e.jdt.internal.launch.MavenLaunchConfigurationListener.updateLaunchConfiguration(MavenLaunchConfigurationListener.java:55)
	at org.eclipse.m2e.jdt.internal.launch.MavenLaunchConfigurationListener.launchConfigurationChanged(MavenLaunchConfigurationListener.java:40)
	at org.eclipse.debug.internal.core.LaunchManager$ConfigurationNotifier.run(LaunchManager.java:224)
	at org.eclipse.core.runtime.SafeRunner.run(SafeRunner.java:45)
	at org.eclipse.debug.internal.core.LaunchManager$ConfigurationNotifier.notify(LaunchManager.java:208)
	at org.eclipse.debug.internal.core.LaunchConfigurationWorkingCopy.setDirty(LaunchConfigurationWorkingCopy.java:521)
	at org.eclipse.debug.internal.core.LaunchConfigurationWorkingCopy.setAttribute(LaunchConfigurationWorkingCopy.java:421)
	at org.eclipse.debug.internal.core.LaunchConfigurationWorkingCopy.setMappedResources(LaunchConfigurationWorkingCopy.java:668)
	at org.eclipse.jdt.internal.launching.JavaMigrationDelegate.updateResourceMapping(JavaMigrationDelegate.java:155)
	at org.eclipse.jdt.internal.debug.core.refactoring.LaunchConfigurationProjectMainTypeChange.perform(LaunchConfigurationProjectMainTypeChange.java:162)
	at org.eclipse.ltk.core.refactoring.CompositeChange.perform(CompositeChange.java:281)
	at org.eclipse.ltk.core.refactoring.CompositeChange.perform(CompositeChange.java:281)
	at org.eclipse.ltk.internal.core.refactoring.UndoableOperation2ChangeAdapter.lambda$0(UndoableOperation2ChangeAdapter.java:329)
	at org.eclipse.core.internal.resources.Workspace.run(Workspace.java:2292)
	at org.eclipse.core.internal.resources.Workspace.run(Workspace.java:2312)
	at org.eclipse.ltk.internal.core.refactoring.UndoableOperation2ChangeAdapter.executeChange(UndoableOperation2ChangeAdapter.java:351)
	at org.eclipse.ltk.internal.core.refactoring.UndoableOperation2ChangeAdapter.undo(UndoableOperation2ChangeAdapter.java:196)
	at org.eclipse.core.commands.operations.TriggeredOperations.undo(TriggeredOperations.java:214)
	at org.eclipse.core.commands.operations.DefaultOperationHistory.doUndo(DefaultOperationHistory.java:407)
	at org.eclipse.core.commands.operations.DefaultOperationHistory.undo(DefaultOperationHistory.java:1149)
	at org.eclipse.ui.operations.UndoActionHandler.runCommand(UndoActionHandler.java:86)
	at org.eclipse.ui.operations.OperationHistoryActionHandler.lambda$0(OperationHistoryActionHandler.java:288)
	at org.eclipse.jface.operation.ModalContext.runInCurrentThread(ModalContext.java:436)
	at org.eclipse.jface.operation.ModalContext.run(ModalContext.java:352)
	at org.eclipse.jface.dialogs.ProgressMonitorDialog.run(ProgressMonitorDialog.java:468)
	at org.eclipse.ui.internal.operations.TimeTriggeredProgressMonitorDialog.access$6(TimeTriggeredProgressMonitorDialog.java:1)
	at org.eclipse.ui.internal.operations.TimeTriggeredProgressMonitorDialog.lambda$0(TimeTriggeredProgressMonitorDialog.java:155)
	at org.eclipse.swt.custom.BusyIndicator.showWhile(BusyIndicator.java:74)
	at org.eclipse.ui.internal.operations.TimeTriggeredProgressMonitorDialog.run(TimeTriggeredProgressMonitorDialog.java:167)
	at org.eclipse.ui.operations.OperationHistoryActionHandler.run(OperationHistoryActionHandler.java:301)
	at org.eclipse.jface.action.Action.runWithEvent(Action.java:474)
	at org.eclipse.jface.commands.ActionHandler.execute(ActionHandler.java:121)
	at org.eclipse.ui.internal.handlers.E4HandlerProxy.execute(E4HandlerProxy.java:97)
	at jdk.internal.reflect.GeneratedMethodAccessor47.invoke(Unknown Source)
	at java.base/jdk.internal.reflect.DelegatingMethodAccessorImpl.invoke(DelegatingMethodAccessorImpl.java:43)
	at java.base/java.lang.reflect.Method.invoke(Method.java:566)
	at org.eclipse.e4.core.internal.di.MethodRequestor.execute(MethodRequestor.java:58)
	at org.eclipse.e4.core.internal.di.InjectorImpl.invokeUsingClass(InjectorImpl.java:319)
	at org.eclipse.e4.core.internal.di.InjectorImpl.invoke(InjectorImpl.java:253)
	at org.eclipse.e4.core.contexts.ContextInjectionFactory.invoke(ContextInjectionFactory.java:173)
	at org.eclipse.e4.core.commands.internal.HandlerServiceHandler.execute(HandlerServiceHandler.java:156)
	at org.eclipse.core.commands.Command.executeWithChecks(Command.java:488)
	at org.eclipse.core.commands.ParameterizedCommand.executeWithChecks(ParameterizedCommand.java:487)
	at org.eclipse.e4.core.commands.internal.HandlerServiceImpl.executeHandler(HandlerServiceImpl.java:213)
	at org.eclipse.e4.ui.bindings.keys.KeyBindingDispatcher.executeCommand(KeyBindingDispatcher.java:308)
	at org.eclipse.e4.ui.bindings.keys.KeyBindingDispatcher.press(KeyBindingDispatcher.java:584)
	at org.eclipse.e4.ui.bindings.keys.KeyBindingDispatcher.processKeyEvent(KeyBindingDispatcher.java:653)
	at org.eclipse.e4.ui.bindings.keys.KeyBindingDispatcher.filterKeySequenceBindings(KeyBindingDispatcher.java:443)
	at org.eclipse.e4.ui.bindings.keys.KeyBindingDispatcher.access$2(KeyBindingDispatcher.java:386)
	at org.eclipse.e4.ui.bindings.keys.KeyBindingDispatcher$KeyDownFilter.handleEvent(KeyBindingDispatcher.java:96)
	at org.eclipse.swt.widgets.EventTable.sendEvent(EventTable.java:89)
	at org.eclipse.swt.widgets.Display.filterEvent(Display.java:1254)
	at org.eclipse.swt.widgets.Widget.sendEvent(Widget.java:1036)
	at org.eclipse.swt.widgets.Widget.sendEvent(Widget.java:1061)
	at org.eclipse.swt.widgets.Widget.sendEvent(Widget.java:1046)
	at org.eclipse.swt.widgets.Widget.sendKeyEvent(Widget.java:1088)
	at org.eclipse.swt.widgets.Widget.sendKeyEvent(Widget.java:1084)
	at org.eclipse.swt.widgets.Widget.wmChar(Widget.java:1513)
	at org.eclipse.swt.widgets.Control.WM_CHAR(Control.java:4881)
	at org.eclipse.swt.widgets.Tree.WM_CHAR(Tree.java:5977)
	at org.eclipse.swt.widgets.Control.windowProc(Control.java:4759)
	at org.eclipse.swt.widgets.Tree.windowProc(Tree.java:5972)
	at org.eclipse.swt.widgets.Display.windowProc(Display.java:4913)
	at org.eclipse.swt.internal.win32.OS.DispatchMessage(Native Method)
	at org.eclipse.swt.widgets.Display.readAndDispatch(Display.java:3610)
	at org.eclipse.e4.ui.internal.workbench.swt.PartRenderingEngine$5.run(PartRenderingEngine.java:1157)
	at org.eclipse.core.databinding.observable.Realm.runWithDefault(Realm.java:338)
	at org.eclipse.e4.ui.internal.workbench.swt.PartRenderingEngine.run(PartRenderingEngine.java:1046)
	at org.eclipse.e4.ui.internal.workbench.E4Workbench.createAndRunUI(E4Workbench.java:155)
	at org.eclipse.ui.internal.Workbench.lambda$3(Workbench.java:644)
	at org.eclipse.core.databinding.observable.Realm.runWithDefault(Realm.java:338)
	at org.eclipse.ui.internal.Workbench.createAndRunWorkbench(Workbench.java:551)
	at org.eclipse.ui.PlatformUI.createAndRunWorkbench(PlatformUI.java:153)
	at org.eclipse.ui.internal.ide.application.IDEApplication.start(IDEApplication.java:150)
	at org.eclipse.equinox.internal.app.EclipseAppHandle.run(EclipseAppHandle.java:203)
	at org.eclipse.core.runtime.internal.adaptor.EclipseAppLauncher.runApplication(EclipseAppLauncher.java:134)
	at org.eclipse.core.runtime.internal.adaptor.EclipseAppLauncher.start(EclipseAppLauncher.java:104)
	at org.eclipse.core.runtime.adaptor.EclipseStarter.run(EclipseStarter.java:401)
	at org.eclipse.core.runtime.adaptor.EclipseStarter.run(EclipseStarter.java:255)
	at java.base/jdk.internal.reflect.NativeMethodAccessorImpl.invoke0(Native Method)
	at java.base/jdk.internal.reflect.NativeMethodAccessorImpl.invoke(NativeMethodAccessorImpl.java:62)
	at java.base/jdk.internal.reflect.DelegatingMethodAccessorImpl.invoke(DelegatingMethodAccessorImpl.java:43)
	at java.base/java.lang.reflect.Method.invoke(Method.java:566)
	at org.eclipse.equinox.launcher.Main.invokeFramework(Main.java:657)
	at org.eclipse.equinox.launcher.Main.basicRun(Main.java:594)
	at org.eclipse.equinox.launcher.Main.run(Main.java:1465)
	at org.eclipse.equinox.launcher.Main.main(Main.java:1438)
2022-10-21 15:52:11,415 [main] ERROR o.e.m.j.i.l.MavenLaunchConfigurationListener - Launch configuration ex01_connection references non-existing project chaptor25_connect_db.
org.eclipse.core.runtime.CoreException: Launch configuration ex01_connection references non-existing project chaptor25_connect_db.
	at org.eclipse.jdt.launching.JavaRuntime.abort(JavaRuntime.java:1843)
	at org.eclipse.jdt.launching.JavaRuntime.getJavaProject(JavaRuntime.java:1718)
	at org.eclipse.m2e.jdt.internal.launch.MavenLaunchConfigurationListener.updateLaunchConfiguration(MavenLaunchConfigurationListener.java:55)
	at org.eclipse.m2e.jdt.internal.launch.MavenLaunchConfigurationListener.launchConfigurationChanged(MavenLaunchConfigurationListener.java:40)
	at org.eclipse.debug.internal.core.LaunchManager$ConfigurationNotifier.run(LaunchManager.java:224)
	at org.eclipse.core.runtime.SafeRunner.run(SafeRunner.java:45)
	at org.eclipse.debug.internal.core.LaunchManager$ConfigurationNotifier.notify(LaunchManager.java:208)
	at org.eclipse.debug.internal.core.LaunchConfigurationWorkingCopy.setDirty(LaunchConfigurationWorkingCopy.java:521)
	at org.eclipse.debug.internal.core.LaunchConfigurationWorkingCopy.setAttribute(LaunchConfigurationWorkingCopy.java:421)
	at org.eclipse.debug.internal.core.LaunchConfigurationWorkingCopy.setMappedResources(LaunchConfigurationWorkingCopy.java:669)
	at org.eclipse.jdt.internal.launching.JavaMigrationDelegate.updateResourceMapping(JavaMigrationDelegate.java:155)
	at org.eclipse.jdt.internal.debug.core.refactoring.LaunchConfigurationProjectMainTypeChange.perform(LaunchConfigurationProjectMainTypeChange.java:162)
	at org.eclipse.ltk.core.refactoring.CompositeChange.perform(CompositeChange.java:281)
	at org.eclipse.ltk.core.refactoring.CompositeChange.perform(CompositeChange.java:281)
	at org.eclipse.ltk.internal.core.refactoring.UndoableOperation2ChangeAdapter.lambda$0(UndoableOperation2ChangeAdapter.java:329)
	at org.eclipse.core.internal.resources.Workspace.run(Workspace.java:2292)
	at org.eclipse.core.internal.resources.Workspace.run(Workspace.java:2312)
	at org.eclipse.ltk.internal.core.refactoring.UndoableOperation2ChangeAdapter.executeChange(UndoableOperation2ChangeAdapter.java:351)
	at org.eclipse.ltk.internal.core.refactoring.UndoableOperation2ChangeAdapter.undo(UndoableOperation2ChangeAdapter.java:196)
	at org.eclipse.core.commands.operations.TriggeredOperations.undo(TriggeredOperations.java:214)
	at org.eclipse.core.commands.operations.DefaultOperationHistory.doUndo(DefaultOperationHistory.java:407)
	at org.eclipse.core.commands.operations.DefaultOperationHistory.undo(DefaultOperationHistory.java:1149)
	at org.eclipse.ui.operations.UndoActionHandler.runCommand(UndoActionHandler.java:86)
	at org.eclipse.ui.operations.OperationHistoryActionHandler.lambda$0(OperationHistoryActionHandler.java:288)
	at org.eclipse.jface.operation.ModalContext.runInCurrentThread(ModalContext.java:436)
	at org.eclipse.jface.operation.ModalContext.run(ModalContext.java:352)
	at org.eclipse.jface.dialogs.ProgressMonitorDialog.run(ProgressMonitorDialog.java:468)
	at org.eclipse.ui.internal.operations.TimeTriggeredProgressMonitorDialog.access$6(TimeTriggeredProgressMonitorDialog.java:1)
	at org.eclipse.ui.internal.operations.TimeTriggeredProgressMonitorDialog.lambda$0(TimeTriggeredProgressMonitorDialog.java:155)
	at org.eclipse.swt.custom.BusyIndicator.showWhile(BusyIndicator.java:74)
	at org.eclipse.ui.internal.operations.TimeTriggeredProgressMonitorDialog.run(TimeTriggeredProgressMonitorDialog.java:167)
	at org.eclipse.ui.operations.OperationHistoryActionHandler.run(OperationHistoryActionHandler.java:301)
	at org.eclipse.jface.action.Action.runWithEvent(Action.java:474)
	at org.eclipse.jface.commands.ActionHandler.execute(ActionHandler.java:121)
	at org.eclipse.ui.internal.handlers.E4HandlerProxy.execute(E4HandlerProxy.java:97)
	at jdk.internal.reflect.GeneratedMethodAccessor47.invoke(Unknown Source)
	at java.base/jdk.internal.reflect.DelegatingMethodAccessorImpl.invoke(DelegatingMethodAccessorImpl.java:43)
	at java.base/java.lang.reflect.Method.invoke(Method.java:566)
	at org.eclipse.e4.core.internal.di.MethodRequestor.execute(MethodRequestor.java:58)
	at org.eclipse.e4.core.internal.di.InjectorImpl.invokeUsingClass(InjectorImpl.java:319)
	at org.eclipse.e4.core.internal.di.InjectorImpl.invoke(InjectorImpl.java:253)
	at org.eclipse.e4.core.contexts.ContextInjectionFactory.invoke(ContextInjectionFactory.java:173)
	at org.eclipse.e4.core.commands.internal.HandlerServiceHandler.execute(HandlerServiceHandler.java:156)
	at org.eclipse.core.commands.Command.executeWithChecks(Command.java:488)
	at org.eclipse.core.commands.ParameterizedCommand.executeWithChecks(ParameterizedCommand.java:487)
	at org.eclipse.e4.core.commands.internal.HandlerServiceImpl.executeHandler(HandlerServiceImpl.java:213)
	at org.eclipse.e4.ui.bindings.keys.KeyBindingDispatcher.executeCommand(KeyBindingDispatcher.java:308)
	at org.eclipse.e4.ui.bindings.keys.KeyBindingDispatcher.press(KeyBindingDispatcher.java:584)
	at org.eclipse.e4.ui.bindings.keys.KeyBindingDispatcher.processKeyEvent(KeyBindingDispatcher.java:653)
	at org.eclipse.e4.ui.bindings.keys.KeyBindingDispatcher.filterKeySequenceBindings(KeyBindingDispatcher.java:443)
	at org.eclipse.e4.ui.bindings.keys.KeyBindingDispatcher.access$2(KeyBindingDispatcher.java:386)
	at org.eclipse.e4.ui.bindings.keys.KeyBindingDispatcher$KeyDownFilter.handleEvent(KeyBindingDispatcher.java:96)
	at org.eclipse.swt.widgets.EventTable.sendEvent(EventTable.java:89)
	at org.eclipse.swt.widgets.Display.filterEvent(Display.java:1254)
	at org.eclipse.swt.widgets.Widget.sendEvent(Widget.java:1036)
	at org.eclipse.swt.widgets.Widget.sendEvent(Widget.java:1061)
	at org.eclipse.swt.widgets.Widget.sendEvent(Widget.java:1046)
	at org.eclipse.swt.widgets.Widget.sendKeyEvent(Widget.java:1088)
	at org.eclipse.swt.widgets.Widget.sendKeyEvent(Widget.java:1084)
	at org.eclipse.swt.widgets.Widget.wmChar(Widget.java:1513)
	at org.eclipse.swt.widgets.Control.WM_CHAR(Control.java:4881)
	at org.eclipse.swt.widgets.Tree.WM_CHAR(Tree.java:5977)
	at org.eclipse.swt.widgets.Control.windowProc(Control.java:4759)
	at org.eclipse.swt.widgets.Tree.windowProc(Tree.java:5972)
	at org.eclipse.swt.widgets.Display.windowProc(Display.java:4913)
	at org.eclipse.swt.internal.win32.OS.DispatchMessage(Native Method)
	at org.eclipse.swt.widgets.Display.readAndDispatch(Display.java:3610)
	at org.eclipse.e4.ui.internal.workbench.swt.PartRenderingEngine$5.run(PartRenderingEngine.java:1157)
	at org.eclipse.core.databinding.observable.Realm.runWithDefault(Realm.java:338)
	at org.eclipse.e4.ui.internal.workbench.swt.PartRenderingEngine.run(PartRenderingEngine.java:1046)
	at org.eclipse.e4.ui.internal.workbench.E4Workbench.createAndRunUI(E4Workbench.java:155)
	at org.eclipse.ui.internal.Workbench.lambda$3(Workbench.java:644)
	at org.eclipse.core.databinding.observable.Realm.runWithDefault(Realm.java:338)
	at org.eclipse.ui.internal.Workbench.createAndRunWorkbench(Workbench.java:551)
	at org.eclipse.ui.PlatformUI.createAndRunWorkbench(PlatformUI.java:153)
	at org.eclipse.ui.internal.ide.application.IDEApplication.start(IDEApplication.java:150)
	at org.eclipse.equinox.internal.app.EclipseAppHandle.run(EclipseAppHandle.java:203)
	at org.eclipse.core.runtime.internal.adaptor.EclipseAppLauncher.runApplication(EclipseAppLauncher.java:134)
	at org.eclipse.core.runtime.internal.adaptor.EclipseAppLauncher.start(EclipseAppLauncher.java:104)
	at org.eclipse.core.runtime.adaptor.EclipseStarter.run(EclipseStarter.java:401)
	at org.eclipse.core.runtime.adaptor.EclipseStarter.run(EclipseStarter.java:255)
	at java.base/jdk.internal.reflect.NativeMethodAccessorImpl.invoke0(Native Method)
	at java.base/jdk.internal.reflect.NativeMethodAccessorImpl.invoke(NativeMethodAccessorImpl.java:62)
	at java.base/jdk.internal.reflect.DelegatingMethodAccessorImpl.invoke(DelegatingMethodAccessorImpl.java:43)
	at java.base/java.lang.reflect.Method.invoke(Method.java:566)
	at org.eclipse.equinox.launcher.Main.invokeFramework(Main.java:657)
	at org.eclipse.equinox.launcher.Main.basicRun(Main.java:594)
	at org.eclipse.equinox.launcher.Main.run(Main.java:1465)
	at org.eclipse.equinox.launcher.Main.main(Main.java:1438)
2022-10-21 15:52:11,419 [main] ERROR o.e.m.j.i.l.MavenLaunchConfigurationListener - Launch configuration ex01_connection references non-existing project chaptor25_connect_db.
org.eclipse.core.runtime.CoreException: Launch configuration ex01_connection references non-existing project chaptor25_connect_db.
	at org.eclipse.jdt.launching.JavaRuntime.abort(JavaRuntime.java:1843)
	at org.eclipse.jdt.launching.JavaRuntime.getJavaProject(JavaRuntime.java:1718)
	at org.eclipse.m2e.jdt.internal.launch.MavenLaunchConfigurationListener.updateLaunchConfiguration(MavenLaunchConfigurationListener.java:55)
	at org.eclipse.m2e.jdt.internal.launch.MavenLaunchConfigurationListener.launchConfigurationChanged(MavenLaunchConfigurationListener.java:40)
	at org.eclipse.debug.internal.core.LaunchManager$ConfigurationNotifier.run(LaunchManager.java:224)
	at org.eclipse.core.runtime.SafeRunner.run(SafeRunner.java:45)
	at org.eclipse.debug.internal.core.LaunchManager$ConfigurationNotifier.notify(LaunchManager.java:208)
	at org.eclipse.debug.internal.core.LaunchManager.launchConfigurationChanged(LaunchManager.java:2130)
	at org.eclipse.debug.internal.core.LaunchConfigurationWorkingCopy.writeNewFile(LaunchConfigurationWorkingCopy.java:374)
	at org.eclipse.debug.internal.core.LaunchConfigurationWorkingCopy.doSave0(LaunchConfigurationWorkingCopy.java:257)
	at org.eclipse.debug.internal.core.LaunchConfigurationWorkingCopy.doSave(LaunchConfigurationWorkingCopy.java:227)
	at org.eclipse.debug.internal.core.LaunchConfigurationWorkingCopy.doSave(LaunchConfigurationWorkingCopy.java:185)
	at org.eclipse.jdt.internal.debug.core.refactoring.LaunchConfigurationProjectMainTypeChange.perform(LaunchConfigurationProjectMainTypeChange.java:164)
	at org.eclipse.ltk.core.refactoring.CompositeChange.perform(CompositeChange.java:281)
	at org.eclipse.ltk.core.refactoring.CompositeChange.perform(CompositeChange.java:281)
	at org.eclipse.ltk.internal.core.refactoring.UndoableOperation2ChangeAdapter.lambda$0(UndoableOperation2ChangeAdapter.java:329)
	at org.eclipse.core.internal.resources.Workspace.run(Workspace.java:2292)
	at org.eclipse.core.internal.resources.Workspace.run(Workspace.java:2312)
	at org.eclipse.ltk.internal.core.refactoring.UndoableOperation2ChangeAdapter.executeChange(UndoableOperation2ChangeAdapter.java:351)
	at org.eclipse.ltk.internal.core.refactoring.UndoableOperation2ChangeAdapter.undo(UndoableOperation2ChangeAdapter.java:196)
	at org.eclipse.core.commands.operations.TriggeredOperations.undo(TriggeredOperations.java:214)
	at org.eclipse.core.commands.operations.DefaultOperationHistory.doUndo(DefaultOperationHistory.java:407)
	at org.eclipse.core.commands.operations.DefaultOperationHistory.undo(DefaultOperationHistory.java:1149)
	at org.eclipse.ui.operations.UndoActionHandler.runCommand(UndoActionHandler.java:86)
	at org.eclipse.ui.operations.OperationHistoryActionHandler.lambda$0(OperationHistoryActionHandler.java:288)
	at org.eclipse.jface.operation.ModalContext.runInCurrentThread(ModalContext.java:436)
	at org.eclipse.jface.operation.ModalContext.run(ModalContext.java:352)
	at org.eclipse.jface.dialogs.ProgressMonitorDialog.run(ProgressMonitorDialog.java:468)
	at org.eclipse.ui.internal.operations.TimeTriggeredProgressMonitorDialog.access$6(TimeTriggeredProgressMonitorDialog.java:1)
	at org.eclipse.ui.internal.operations.TimeTriggeredProgressMonitorDialog.lambda$0(TimeTriggeredProgressMonitorDialog.java:155)
	at org.eclipse.swt.custom.BusyIndicator.showWhile(BusyIndicator.java:74)
	at org.eclipse.ui.internal.operations.TimeTriggeredProgressMonitorDialog.run(TimeTriggeredProgressMonitorDialog.java:167)
	at org.eclipse.ui.operations.OperationHistoryActionHandler.run(OperationHistoryActionHandler.java:301)
	at org.eclipse.jface.action.Action.runWithEvent(Action.java:474)
	at org.eclipse.jface.commands.ActionHandler.execute(ActionHandler.java:121)
	at org.eclipse.ui.internal.handlers.E4HandlerProxy.execute(E4HandlerProxy.java:97)
	at jdk.internal.reflect.GeneratedMethodAccessor47.invoke(Unknown Source)
	at java.base/jdk.internal.reflect.DelegatingMethodAccessorImpl.invoke(DelegatingMethodAccessorImpl.java:43)
	at java.base/java.lang.reflect.Method.invoke(Method.java:566)
	at org.eclipse.e4.core.internal.di.MethodRequestor.execute(MethodRequestor.java:58)
	at org.eclipse.e4.core.internal.di.InjectorImpl.invokeUsingClass(InjectorImpl.java:319)
	at org.eclipse.e4.core.internal.di.InjectorImpl.invoke(InjectorImpl.java:253)
	at org.eclipse.e4.core.contexts.ContextInjectionFactory.invoke(ContextInjectionFactory.java:173)
	at org.eclipse.e4.core.commands.internal.HandlerServiceHandler.execute(HandlerServiceHandler.java:156)
	at org.eclipse.core.commands.Command.executeWithChecks(Command.java:488)
	at org.eclipse.core.commands.ParameterizedCommand.executeWithChecks(ParameterizedCommand.java:487)
	at org.eclipse.e4.core.commands.internal.HandlerServiceImpl.executeHandler(HandlerServiceImpl.java:213)
	at org.eclipse.e4.ui.bindings.keys.KeyBindingDispatcher.executeCommand(KeyBindingDispatcher.java:308)
	at org.eclipse.e4.ui.bindings.keys.KeyBindingDispatcher.press(KeyBindingDispatcher.java:584)
	at org.eclipse.e4.ui.bindings.keys.KeyBindingDispatcher.processKeyEvent(KeyBindingDispatcher.java:653)
	at org.eclipse.e4.ui.bindings.keys.KeyBindingDispatcher.filterKeySequenceBindings(KeyBindingDispatcher.java:443)
	at org.eclipse.e4.ui.bindings.keys.KeyBindingDispatcher.access$2(KeyBindingDispatcher.java:386)
	at org.eclipse.e4.ui.bindings.keys.KeyBindingDispatcher$KeyDownFilter.handleEvent(KeyBindingDispatcher.java:96)
	at org.eclipse.swt.widgets.EventTable.sendEvent(EventTable.java:89)
	at org.eclipse.swt.widgets.Display.filterEvent(Display.java:1254)
	at org.eclipse.swt.widgets.Widget.sendEvent(Widget.java:1036)
	at org.eclipse.swt.widgets.Widget.sendEvent(Widget.java:1061)
	at org.eclipse.swt.widgets.Widget.sendEvent(Widget.java:1046)
	at org.eclipse.swt.widgets.Widget.sendKeyEvent(Widget.java:1088)
	at org.eclipse.swt.widgets.Widget.sendKeyEvent(Widget.java:1084)
	at org.eclipse.swt.widgets.Widget.wmChar(Widget.java:1513)
	at org.eclipse.swt.widgets.Control.WM_CHAR(Control.java:4881)
	at org.eclipse.swt.widgets.Tree.WM_CHAR(Tree.java:5977)
	at org.eclipse.swt.widgets.Control.windowProc(Control.java:4759)
	at org.eclipse.swt.widgets.Tree.windowProc(Tree.java:5972)
	at org.eclipse.swt.widgets.Display.windowProc(Display.java:4913)
	at org.eclipse.swt.internal.win32.OS.DispatchMessage(Native Method)
	at org.eclipse.swt.widgets.Display.readAndDispatch(Display.java:3610)
	at org.eclipse.e4.ui.internal.workbench.swt.PartRenderingEngine$5.run(PartRenderingEngine.java:1157)
	at org.eclipse.core.databinding.observable.Realm.runWithDefault(Realm.java:338)
	at org.eclipse.e4.ui.internal.workbench.swt.PartRenderingEngine.run(PartRenderingEngine.java:1046)
	at org.eclipse.e4.ui.internal.workbench.E4Workbench.createAndRunUI(E4Workbench.java:155)
	at org.eclipse.ui.internal.Workbench.lambda$3(Workbench.java:644)
	at org.eclipse.core.databinding.observable.Realm.runWithDefault(Realm.java:338)
	at org.eclipse.ui.internal.Workbench.createAndRunWorkbench(Workbench.java:551)
	at org.eclipse.ui.PlatformUI.createAndRunWorkbench(PlatformUI.java:153)
	at org.eclipse.ui.internal.ide.application.IDEApplication.start(IDEApplication.java:150)
	at org.eclipse.equinox.internal.app.EclipseAppHandle.run(EclipseAppHandle.java:203)
	at org.eclipse.core.runtime.internal.adaptor.EclipseAppLauncher.runApplication(EclipseAppLauncher.java:134)
	at org.eclipse.core.runtime.internal.adaptor.EclipseAppLauncher.start(EclipseAppLauncher.java:104)
	at org.eclipse.core.runtime.adaptor.EclipseStarter.run(EclipseStarter.java:401)
	at org.eclipse.core.runtime.adaptor.EclipseStarter.run(EclipseStarter.java:255)
	at java.base/jdk.internal.reflect.NativeMethodAccessorImpl.invoke0(Native Method)
	at java.base/jdk.internal.reflect.NativeMethodAccessorImpl.invoke(NativeMethodAccessorImpl.java:62)
	at java.base/jdk.internal.reflect.DelegatingMethodAccessorImpl.invoke(DelegatingMethodAccessorImpl.java:43)
	at java.base/java.lang.reflect.Method.invoke(Method.java:566)
	at org.eclipse.equinox.launcher.Main.invokeFramework(Main.java:657)
	at org.eclipse.equinox.launcher.Main.basicRun(Main.java:594)
	at org.eclipse.equinox.launcher.Main.run(Main.java:1465)
	at org.eclipse.equinox.launcher.Main.main(Main.java:1438)
2022-10-24 09:33:11,294 [Worker-0: Loading available Gradle versions] INFO  o.e.b.c.i.u.g.PublishedGradleVersions - Gradle version information cache is out-of-date. Trying to update.
2022-10-24 10:55:41,778 [Worker-1: Loading available Gradle versions] INFO  o.e.b.c.i.u.g.PublishedGradleVersions - Gradle version information cache is up-to-date. Trying to read.
2022-10-24 11:24:25,551 [Worker-3: Loading available Gradle versions] INFO  o.e.b.c.i.u.g.PublishedGradleVersions - Gradle version information cache is up-to-date. Trying to read.
2022-11-01 09:37:44,968 [Worker-4: Loading available Gradle versions] INFO  o.e.b.c.i.u.g.PublishedGradleVersions - Gradle version information cache is up-to-date. Trying to read.
2022-11-01 13:11:38,041 [Worker-2: Loading available Gradle versions] INFO  o.e.b.c.i.u.g.PublishedGradleVersions - Gradle version information cache is up-to-date. Trying to read.
2022-11-01 18:26:14,469 [Worker-2: Loading available Gradle versions] INFO  o.e.b.c.i.u.g.PublishedGradleVersions - Gradle version information cache is up-to-date. Trying to read.
2022-11-02 09:14:52,877 [Worker-1: Loading available Gradle versions] INFO  o.e.b.c.i.u.g.PublishedGradleVersions - Gradle version information cache is up-to-date. Trying to read.
2022-11-03 09:14:10,280 [Worker-0: Loading available Gradle versions] INFO  o.e.b.c.i.u.g.PublishedGradleVersions - Gradle version information cache is out-of-date. Trying to update.
2022-11-04 15:31:39,895 [Worker-3: Loading available Gradle versions] INFO  o.e.b.c.i.u.g.PublishedGradleVersions - Gradle version information cache is out-of-date. Trying to update.
2022-11-07 09:31:21,481 [Worker-4: Loading available Gradle versions] INFO  o.e.b.c.i.u.g.PublishedGradleVersions - Gradle version information cache is out-of-date. Trying to update.
2022-11-09 09:21:19,694 [Worker-3: Loading available Gradle versions] INFO  o.e.b.c.i.u.g.PublishedGradleVersions - Gradle version information cache is up-to-date. Trying to read.
2022-11-09 16:18:41,042 [Worker-1: Loading available Gradle versions] INFO  o.e.b.c.i.u.g.PublishedGradleVersions - Gradle version information cache is up-to-date. Trying to read.
2022-11-09 16:25:18,442 [Worker-4: Loading available Gradle versions] INFO  o.e.b.c.i.u.g.PublishedGradleVersions - Gradle version information cache is up-to-date. Trying to read.
2022-11-09 16:47:32,602 [Worker-3: Loading available Gradle versions] INFO  o.e.b.c.i.u.g.PublishedGradleVersions - Gradle version information cache is up-to-date. Trying to read.
2022-11-09 18:27:17,756 [Worker-3: Loading available Gradle versions] INFO  o.e.b.c.i.u.g.PublishedGradleVersions - Gradle version information cache is up-to-date. Trying to read.
2022-11-10 09:21:43,181 [Worker-4: Loading available Gradle versions] INFO  o.e.b.c.i.u.g.PublishedGradleVersions - Gradle version information cache is out-of-date. Trying to update.
2022-11-10 12:29:35,320 [Worker-3: Loading available Gradle versions] INFO  o.e.b.c.i.u.g.PublishedGradleVersions - Gradle version information cache is up-to-date. Trying to read.
2022-11-10 18:31:08,603 [Worker-1: Loading available Gradle versions] INFO  o.e.b.c.i.u.g.PublishedGradleVersions - Gradle version information cache is up-to-date. Trying to read.
2022-11-17 12:13:31,663 [Worker-3: Loading available Gradle versions] INFO  o.e.b.c.i.u.g.PublishedGradleVersions - Gradle version information cache is up-to-date. Trying to read.
2022-11-17 15:11:22,927 [Worker-0: Loading available Gradle versions] INFO  o.e.b.c.i.u.g.PublishedGradleVersions - Gradle version information cache is up-to-date. Trying to read.
2022-11-18 09:31:36,030 [Worker-1: Loading available Gradle versions] INFO  o.e.b.c.i.u.g.PublishedGradleVersions - Gradle version information cache is up-to-date. Trying to read.
2022-11-21 09:58:18,450 [Worker-1: Loading available Gradle versions] INFO  o.e.b.c.i.u.g.PublishedGradleVersions - Gradle version information cache is up-to-date. Trying to read.
